The system is: Linux - 3.10.0-1160.71.1.el7.x86_64 - x86_64
Compiling the C compiler identification source file "CMakeCCompilerId.c" succeeded.
Compiler: /apps/gcc/9.2.0/bin/gcc 
Build flags: 
Id flags:  

The output was:
0


Compilation of the C compiler identification source "CMakeCCompilerId.c" produced "a.out"

The C compiler identification is GNU, found in "/home/erins/work_erins/repos/rgm/NeutronEfficiency/build/CMakeFiles/3.15.2/CompilerIdC/a.out"

Compiling the CXX compiler identification source file "CMakeCXXCompilerId.cpp" succeeded.
Compiler: /apps/gcc/9.2.0/bin/g++ 
Build flags: 
Id flags:  

The output was:
0


Compilation of the CXX compiler identification source "CMakeCXXCompilerId.cpp" produced "a.out"

The CXX compiler identification is GNU, found in "/home/erins/work_erins/repos/rgm/NeutronEfficiency/build/CMakeFiles/3.15.2/CompilerIdCXX/a.out"

Determining if the C compiler works passed with the following output:
Change Dir: /home/erins/work_erins/repos/rgm/NeutronEfficiency/build/CMakeFiles/CMakeTmp

Run Build Command(s):/usr/bin/gmake cmTC_9d406/fast && /usr/bin/gmake -f CMakeFiles/cmTC_9d406.dir/build.make CMakeFiles/cmTC_9d406.dir/build
gmake[1]: Entering directory `/w/hallb-scshelf2102/clas/clase2/erins/repos/rgm/NeutronEfficiency/build/CMakeFiles/CMakeTmp'
Building C object CMakeFiles/cmTC_9d406.dir/testCCompiler.c.o
/apps/gcc/9.2.0/bin/gcc    -o CMakeFiles/cmTC_9d406.dir/testCCompiler.c.o   -c /home/erins/work_erins/repos/rgm/NeutronEfficiency/build/CMakeFiles/CMakeTmp/testCCompiler.c
Linking C executable cmTC_9d406
/u/group/clas12/packages/cmake/3.15.2/bin/cmake -E cmake_link_script CMakeFiles/cmTC_9d406.dir/link.txt --verbose=1
/apps/gcc/9.2.0/bin/gcc      -rdynamic CMakeFiles/cmTC_9d406.dir/testCCompiler.c.o  -o cmTC_9d406 
gmake[1]: Leaving directory `/w/hallb-scshelf2102/clas/clase2/erins/repos/rgm/NeutronEfficiency/build/CMakeFiles/CMakeTmp'



Detecting C compiler ABI info compiled with the following output:
Change Dir: /home/erins/work_erins/repos/rgm/NeutronEfficiency/build/CMakeFiles/CMakeTmp

Run Build Command(s):/usr/bin/gmake cmTC_959b0/fast && /usr/bin/gmake -f CMakeFiles/cmTC_959b0.dir/build.make CMakeFiles/cmTC_959b0.dir/build
gmake[1]: Entering directory `/w/hallb-scshelf2102/clas/clase2/erins/repos/rgm/NeutronEfficiency/build/CMakeFiles/CMakeTmp'
Building C object CMakeFiles/cmTC_959b0.dir/CMakeCCompilerABI.c.o
/apps/gcc/9.2.0/bin/gcc   -v -o CMakeFiles/cmTC_959b0.dir/CMakeCCompilerABI.c.o   -c /group/clas12/packages/cmake/3.15.2/Modules/CMakeCCompilerABI.c
Using built-in specs.
COLLECT_GCC=/apps/gcc/9.2.0/bin/gcc
Target: x86_64-pc-linux-gnu
Configured with: ../gcc-9.2.0/configure --prefix=/apps/gcc/9.2.0 --with-gmp=/apps/gmp --with-mpfr=/apps/mpfr --with-mpc=/apps/mpc --with-isl=/apps/isl/0.16 --enable-languages=c,c++,fortran
Thread model: posix
gcc version 9.2.0 (GCC) 
COLLECT_GCC_OPTIONS='-v' '-o' 'CMakeFiles/cmTC_959b0.dir/CMakeCCompilerABI.c.o' '-c' '-mtune=generic' '-march=x86-64'
 /u/apps/gcc/9.2.0/bin/../libexec/gcc/x86_64-pc-linux-gnu/9.2.0/cc1 -quiet -v -iprefix /u/apps/gcc/9.2.0/bin/../lib/gcc/x86_64-pc-linux-gnu/9.2.0/ /group/clas12/packages/cmake/3.15.2/Modules/CMakeCCompilerABI.c -quiet -dumpbase CMakeCCompilerABI.c -mtune=generic -march=x86-64 -auxbase-strip CMakeFiles/cmTC_959b0.dir/CMakeCCompilerABI.c.o -version -o /tmp/ccHYc0aY.s
GNU C17 (GCC) version 9.2.0 (x86_64-pc-linux-gnu)
	compiled by GNU C version 9.2.0, GMP version 4.3.2, MPFR version 2.4.2, MPC version 0.8.1, isl version isl-0.16.1-GMP

GGC heuristics: --param ggc-min-expand=100 --param ggc-min-heapsize=131072
ignoring nonexistent directory "/u/apps/gcc/9.2.0/bin/../lib/gcc/x86_64-pc-linux-gnu/9.2.0/../../../../x86_64-pc-linux-gnu/include"
ignoring duplicate directory "/u/apps/gcc/9.2.0/bin/../lib/gcc/../../lib/gcc/x86_64-pc-linux-gnu/9.2.0/include"
ignoring duplicate directory "/u/apps/gcc/9.2.0/bin/../lib/gcc/../../lib/gcc/x86_64-pc-linux-gnu/9.2.0/include-fixed"
ignoring nonexistent directory "/u/apps/gcc/9.2.0/bin/../lib/gcc/../../lib/gcc/x86_64-pc-linux-gnu/9.2.0/../../../../x86_64-pc-linux-gnu/include"
#include "..." search starts here:
#include <...> search starts here:
 /u/apps/gcc/9.2.0/bin/../lib/gcc/x86_64-pc-linux-gnu/9.2.0/include
 /u/apps/gcc/9.2.0/bin/../lib/gcc/x86_64-pc-linux-gnu/9.2.0/include-fixed
 /usr/local/include
 /u/apps/gcc/9.2.0/bin/../lib/gcc/../../include
 /usr/include
End of search list.
GNU C17 (GCC) version 9.2.0 (x86_64-pc-linux-gnu)
	compiled by GNU C version 9.2.0, GMP version 4.3.2, MPFR version 2.4.2, MPC version 0.8.1, isl version isl-0.16.1-GMP

GGC heuristics: --param ggc-min-expand=100 --param ggc-min-heapsize=131072
Compiler executable checksum: 2f35dcadb06083d3b3e3160770eea4e5
COLLECT_GCC_OPTIONS='-v' '-o' 'CMakeFiles/cmTC_959b0.dir/CMakeCCompilerABI.c.o' '-c' '-mtune=generic' '-march=x86-64'
 as -v --64 -o CMakeFiles/cmTC_959b0.dir/CMakeCCompilerABI.c.o /tmp/ccHYc0aY.s
GNU assembler version 2.27 (x86_64-redhat-linux) using BFD version version 2.27-44.base.el7_9.1
COMPILER_PATH=/u/apps/gcc/9.2.0/bin/../libexec/gcc/x86_64-pc-linux-gnu/9.2.0/:/u/apps/gcc/9.2.0/bin/../libexec/gcc/
LIBRARY_PATH=/u/apps/gcc/9.2.0/bin/../lib/gcc/x86_64-pc-linux-gnu/9.2.0/:/u/apps/gcc/9.2.0/bin/../lib/gcc/:/u/apps/gcc/9.2.0/bin/../lib/gcc/x86_64-pc-linux-gnu/9.2.0/../../../../lib64/:/lib/../lib64/:/usr/lib/../lib64/:/u/apps/gcc/9.2.0/bin/../lib/gcc/x86_64-pc-linux-gnu/9.2.0/../../../:/lib/:/usr/lib/
COLLECT_GCC_OPTIONS='-v' '-o' 'CMakeFiles/cmTC_959b0.dir/CMakeCCompilerABI.c.o' '-c' '-mtune=generic' '-march=x86-64'
Linking C executable cmTC_959b0
/u/group/clas12/packages/cmake/3.15.2/bin/cmake -E cmake_link_script CMakeFiles/cmTC_959b0.dir/link.txt --verbose=1
/apps/gcc/9.2.0/bin/gcc     -v -rdynamic CMakeFiles/cmTC_959b0.dir/CMakeCCompilerABI.c.o  -o cmTC_959b0 
Using built-in specs.
COLLECT_GCC=/apps/gcc/9.2.0/bin/gcc
COLLECT_LTO_WRAPPER=/u/apps/gcc/9.2.0/bin/../libexec/gcc/x86_64-pc-linux-gnu/9.2.0/lto-wrapper
Target: x86_64-pc-linux-gnu
Configured with: ../gcc-9.2.0/configure --prefix=/apps/gcc/9.2.0 --with-gmp=/apps/gmp --with-mpfr=/apps/mpfr --with-mpc=/apps/mpc --with-isl=/apps/isl/0.16 --enable-languages=c,c++,fortran
Thread model: posix
gcc version 9.2.0 (GCC) 
COMPILER_PATH=/u/apps/gcc/9.2.0/bin/../libexec/gcc/x86_64-pc-linux-gnu/9.2.0/:/u/apps/gcc/9.2.0/bin/../libexec/gcc/
LIBRARY_PATH=/u/apps/gcc/9.2.0/bin/../lib/gcc/x86_64-pc-linux-gnu/9.2.0/:/u/apps/gcc/9.2.0/bin/../lib/gcc/:/u/apps/gcc/9.2.0/bin/../lib/gcc/x86_64-pc-linux-gnu/9.2.0/../../../../lib64/:/lib/../lib64/:/usr/lib/../lib64/:/u/apps/gcc/9.2.0/bin/../lib/gcc/x86_64-pc-linux-gnu/9.2.0/../../../:/lib/:/usr/lib/
COLLECT_GCC_OPTIONS='-v' '-rdynamic' '-o' 'cmTC_959b0' '-mtune=generic' '-march=x86-64'
 /u/apps/gcc/9.2.0/bin/../libexec/gcc/x86_64-pc-linux-gnu/9.2.0/collect2 -plugin /u/apps/gcc/9.2.0/bin/../libexec/gcc/x86_64-pc-linux-gnu/9.2.0/liblto_plugin.so -plugin-opt=/u/apps/gcc/9.2.0/bin/../libexec/gcc/x86_64-pc-linux-gnu/9.2.0/lto-wrapper -plugin-opt=-fresolution=/tmp/cc85Ubh7.res -plugin-opt=-pass-through=-lgcc -plugin-opt=-pass-through=-lgcc_s -plugin-opt=-pass-through=-lc -plugin-opt=-pass-through=-lgcc -plugin-opt=-pass-through=-lgcc_s --eh-frame-hdr -m elf_x86_64 -export-dynamic -dynamic-linker /lib64/ld-linux-x86-64.so.2 -o cmTC_959b0 /lib/../lib64/crt1.o /lib/../lib64/crti.o /u/apps/gcc/9.2.0/bin/../lib/gcc/x86_64-pc-linux-gnu/9.2.0/crtbegin.o -L/u/apps/gcc/9.2.0/bin/../lib/gcc/x86_64-pc-linux-gnu/9.2.0 -L/u/apps/gcc/9.2.0/bin/../lib/gcc -L/u/apps/gcc/9.2.0/bin/../lib/gcc/x86_64-pc-linux-gnu/9.2.0/../../../../lib64 -L/lib/../lib64 -L/usr/lib/../lib64 -L/u/apps/gcc/9.2.0/bin/../lib/gcc/x86_64-pc-linux-gnu/9.2.0/../../.. CMakeFiles/cmTC_959b0.dir/CMakeCCompilerABI.c.o -lgcc --as-needed -lgcc_s --no-as-needed -lc -lgcc --as-needed -lgcc_s --no-as-needed /u/apps/gcc/9.2.0/bin/../lib/gcc/x86_64-pc-linux-gnu/9.2.0/crtend.o /lib/../lib64/crtn.o
COLLECT_GCC_OPTIONS='-v' '-rdynamic' '-o' 'cmTC_959b0' '-mtune=generic' '-march=x86-64'
gmake[1]: Leaving directory `/w/hallb-scshelf2102/clas/clase2/erins/repos/rgm/NeutronEfficiency/build/CMakeFiles/CMakeTmp'



Parsed C implicit include dir info from above output: rv=done
  found start of include info
  found start of implicit include info
    add: [/u/apps/gcc/9.2.0/bin/../lib/gcc/x86_64-pc-linux-gnu/9.2.0/include]
    add: [/u/apps/gcc/9.2.0/bin/../lib/gcc/x86_64-pc-linux-gnu/9.2.0/include-fixed]
    add: [/usr/local/include]
    add: [/u/apps/gcc/9.2.0/bin/../lib/gcc/../../include]
    add: [/usr/include]
  end of search list found
  collapse include dir [/u/apps/gcc/9.2.0/bin/../lib/gcc/x86_64-pc-linux-gnu/9.2.0/include] ==> [/u/apps/gcc/9.2.0/lib/gcc/x86_64-pc-linux-gnu/9.2.0/include]
  collapse include dir [/u/apps/gcc/9.2.0/bin/../lib/gcc/x86_64-pc-linux-gnu/9.2.0/include-fixed] ==> [/u/apps/gcc/9.2.0/lib/gcc/x86_64-pc-linux-gnu/9.2.0/include-fixed]
  collapse include dir [/usr/local/include] ==> [/usr/local/include]
  collapse include dir [/u/apps/gcc/9.2.0/bin/../lib/gcc/../../include] ==> [/u/apps/gcc/9.2.0/include]
  collapse include dir [/usr/include] ==> [/usr/include]
  implicit include dirs: [/u/apps/gcc/9.2.0/lib/gcc/x86_64-pc-linux-gnu/9.2.0/include;/u/apps/gcc/9.2.0/lib/gcc/x86_64-pc-linux-gnu/9.2.0/include-fixed;/usr/local/include;/u/apps/gcc/9.2.0/include;/usr/include]


Parsed C implicit link information from above output:
  link line regex: [^( *|.*[/\])(ld|CMAKE_LINK_STARTFILE-NOTFOUND|([^/\]+-)?ld|collect2)[^/\]*( |$)]
  ignore line: [Change Dir: /home/erins/work_erins/repos/rgm/NeutronEfficiency/build/CMakeFiles/CMakeTmp]
  ignore line: []
  ignore line: [Run Build Command(s):/usr/bin/gmake cmTC_959b0/fast && /usr/bin/gmake -f CMakeFiles/cmTC_959b0.dir/build.make CMakeFiles/cmTC_959b0.dir/build]
  ignore line: [gmake[1]: Entering directory `/w/hallb-scshelf2102/clas/clase2/erins/repos/rgm/NeutronEfficiency/build/CMakeFiles/CMakeTmp']
  ignore line: [Building C object CMakeFiles/cmTC_959b0.dir/CMakeCCompilerABI.c.o]
  ignore line: [/apps/gcc/9.2.0/bin/gcc   -v -o CMakeFiles/cmTC_959b0.dir/CMakeCCompilerABI.c.o   -c /group/clas12/packages/cmake/3.15.2/Modules/CMakeCCompilerABI.c]
  ignore line: [Using built-in specs.]
  ignore line: [COLLECT_GCC=/apps/gcc/9.2.0/bin/gcc]
  ignore line: [Target: x86_64-pc-linux-gnu]
  ignore line: [Configured with: ../gcc-9.2.0/configure --prefix=/apps/gcc/9.2.0 --with-gmp=/apps/gmp --with-mpfr=/apps/mpfr --with-mpc=/apps/mpc --with-isl=/apps/isl/0.16 --enable-languages=c,c++,fortran]
  ignore line: [Thread model: posix]
  ignore line: [gcc version 9.2.0 (GCC) ]
  ignore line: [COLLECT_GCC_OPTIONS='-v' '-o' 'CMakeFiles/cmTC_959b0.dir/CMakeCCompilerABI.c.o' '-c' '-mtune=generic' '-march=x86-64']
  ignore line: [ /u/apps/gcc/9.2.0/bin/../libexec/gcc/x86_64-pc-linux-gnu/9.2.0/cc1 -quiet -v -iprefix /u/apps/gcc/9.2.0/bin/../lib/gcc/x86_64-pc-linux-gnu/9.2.0/ /group/clas12/packages/cmake/3.15.2/Modules/CMakeCCompilerABI.c -quiet -dumpbase CMakeCCompilerABI.c -mtune=generic -march=x86-64 -auxbase-strip CMakeFiles/cmTC_959b0.dir/CMakeCCompilerABI.c.o -version -o /tmp/ccHYc0aY.s]
  ignore line: [GNU C17 (GCC) version 9.2.0 (x86_64-pc-linux-gnu)]
  ignore line: [	compiled by GNU C version 9.2.0, GMP version 4.3.2, MPFR version 2.4.2, MPC version 0.8.1, isl version isl-0.16.1-GMP]
  ignore line: []
  ignore line: [GGC heuristics: --param ggc-min-expand=100 --param ggc-min-heapsize=131072]
  ignore line: [ignoring nonexistent directory "/u/apps/gcc/9.2.0/bin/../lib/gcc/x86_64-pc-linux-gnu/9.2.0/../../../../x86_64-pc-linux-gnu/include"]
  ignore line: [ignoring duplicate directory "/u/apps/gcc/9.2.0/bin/../lib/gcc/../../lib/gcc/x86_64-pc-linux-gnu/9.2.0/include"]
  ignore line: [ignoring duplicate directory "/u/apps/gcc/9.2.0/bin/../lib/gcc/../../lib/gcc/x86_64-pc-linux-gnu/9.2.0/include-fixed"]
  ignore line: [ignoring nonexistent directory "/u/apps/gcc/9.2.0/bin/../lib/gcc/../../lib/gcc/x86_64-pc-linux-gnu/9.2.0/../../../../x86_64-pc-linux-gnu/include"]
  ignore line: [#include "..." search starts here:]
  ignore line: [#include <...> search starts here:]
  ignore line: [ /u/apps/gcc/9.2.0/bin/../lib/gcc/x86_64-pc-linux-gnu/9.2.0/include]
  ignore line: [ /u/apps/gcc/9.2.0/bin/../lib/gcc/x86_64-pc-linux-gnu/9.2.0/include-fixed]
  ignore line: [ /usr/local/include]
  ignore line: [ /u/apps/gcc/9.2.0/bin/../lib/gcc/../../include]
  ignore line: [ /usr/include]
  ignore line: [End of search list.]
  ignore line: [GNU C17 (GCC) version 9.2.0 (x86_64-pc-linux-gnu)]
  ignore line: [	compiled by GNU C version 9.2.0, GMP version 4.3.2, MPFR version 2.4.2, MPC version 0.8.1, isl version isl-0.16.1-GMP]
  ignore line: []
  ignore line: [GGC heuristics: --param ggc-min-expand=100 --param ggc-min-heapsize=131072]
  ignore line: [Compiler executable checksum: 2f35dcadb06083d3b3e3160770eea4e5]
  ignore line: [COLLECT_GCC_OPTIONS='-v' '-o' 'CMakeFiles/cmTC_959b0.dir/CMakeCCompilerABI.c.o' '-c' '-mtune=generic' '-march=x86-64']
  ignore line: [ as -v --64 -o CMakeFiles/cmTC_959b0.dir/CMakeCCompilerABI.c.o /tmp/ccHYc0aY.s]
  ignore line: [GNU assembler version 2.27 (x86_64-redhat-linux) using BFD version version 2.27-44.base.el7_9.1]
  ignore line: [COMPILER_PATH=/u/apps/gcc/9.2.0/bin/../libexec/gcc/x86_64-pc-linux-gnu/9.2.0/:/u/apps/gcc/9.2.0/bin/../libexec/gcc/]
  ignore line: [LIBRARY_PATH=/u/apps/gcc/9.2.0/bin/../lib/gcc/x86_64-pc-linux-gnu/9.2.0/:/u/apps/gcc/9.2.0/bin/../lib/gcc/:/u/apps/gcc/9.2.0/bin/../lib/gcc/x86_64-pc-linux-gnu/9.2.0/../../../../lib64/:/lib/../lib64/:/usr/lib/../lib64/:/u/apps/gcc/9.2.0/bin/../lib/gcc/x86_64-pc-linux-gnu/9.2.0/../../../:/lib/:/usr/lib/]
  ignore line: [COLLECT_GCC_OPTIONS='-v' '-o' 'CMakeFiles/cmTC_959b0.dir/CMakeCCompilerABI.c.o' '-c' '-mtune=generic' '-march=x86-64']
  ignore line: [Linking C executable cmTC_959b0]
  ignore line: [/u/group/clas12/packages/cmake/3.15.2/bin/cmake -E cmake_link_script CMakeFiles/cmTC_959b0.dir/link.txt --verbose=1]
  ignore line: [/apps/gcc/9.2.0/bin/gcc     -v -rdynamic CMakeFiles/cmTC_959b0.dir/CMakeCCompilerABI.c.o  -o cmTC_959b0 ]
  ignore line: [Using built-in specs.]
  ignore line: [COLLECT_GCC=/apps/gcc/9.2.0/bin/gcc]
  ignore line: [COLLECT_LTO_WRAPPER=/u/apps/gcc/9.2.0/bin/../libexec/gcc/x86_64-pc-linux-gnu/9.2.0/lto-wrapper]
  ignore line: [Target: x86_64-pc-linux-gnu]
  ignore line: [Configured with: ../gcc-9.2.0/configure --prefix=/apps/gcc/9.2.0 --with-gmp=/apps/gmp --with-mpfr=/apps/mpfr --with-mpc=/apps/mpc --with-isl=/apps/isl/0.16 --enable-languages=c,c++,fortran]
  ignore line: [Thread model: posix]
  ignore line: [gcc version 9.2.0 (GCC) ]
  ignore line: [COMPILER_PATH=/u/apps/gcc/9.2.0/bin/../libexec/gcc/x86_64-pc-linux-gnu/9.2.0/:/u/apps/gcc/9.2.0/bin/../libexec/gcc/]
  ignore line: [LIBRARY_PATH=/u/apps/gcc/9.2.0/bin/../lib/gcc/x86_64-pc-linux-gnu/9.2.0/:/u/apps/gcc/9.2.0/bin/../lib/gcc/:/u/apps/gcc/9.2.0/bin/../lib/gcc/x86_64-pc-linux-gnu/9.2.0/../../../../lib64/:/lib/../lib64/:/usr/lib/../lib64/:/u/apps/gcc/9.2.0/bin/../lib/gcc/x86_64-pc-linux-gnu/9.2.0/../../../:/lib/:/usr/lib/]
  ignore line: [COLLECT_GCC_OPTIONS='-v' '-rdynamic' '-o' 'cmTC_959b0' '-mtune=generic' '-march=x86-64']
  link line: [ /u/apps/gcc/9.2.0/bin/../libexec/gcc/x86_64-pc-linux-gnu/9.2.0/collect2 -plugin /u/apps/gcc/9.2.0/bin/../libexec/gcc/x86_64-pc-linux-gnu/9.2.0/liblto_plugin.so -plugin-opt=/u/apps/gcc/9.2.0/bin/../libexec/gcc/x86_64-pc-linux-gnu/9.2.0/lto-wrapper -plugin-opt=-fresolution=/tmp/cc85Ubh7.res -plugin-opt=-pass-through=-lgcc -plugin-opt=-pass-through=-lgcc_s -plugin-opt=-pass-through=-lc -plugin-opt=-pass-through=-lgcc -plugin-opt=-pass-through=-lgcc_s --eh-frame-hdr -m elf_x86_64 -export-dynamic -dynamic-linker /lib64/ld-linux-x86-64.so.2 -o cmTC_959b0 /lib/../lib64/crt1.o /lib/../lib64/crti.o /u/apps/gcc/9.2.0/bin/../lib/gcc/x86_64-pc-linux-gnu/9.2.0/crtbegin.o -L/u/apps/gcc/9.2.0/bin/../lib/gcc/x86_64-pc-linux-gnu/9.2.0 -L/u/apps/gcc/9.2.0/bin/../lib/gcc -L/u/apps/gcc/9.2.0/bin/../lib/gcc/x86_64-pc-linux-gnu/9.2.0/../../../../lib64 -L/lib/../lib64 -L/usr/lib/../lib64 -L/u/apps/gcc/9.2.0/bin/../lib/gcc/x86_64-pc-linux-gnu/9.2.0/../../.. CMakeFiles/cmTC_959b0.dir/CMakeCCompilerABI.c.o -lgcc --as-needed -lgcc_s --no-as-needed -lc -lgcc --as-needed -lgcc_s --no-as-needed /u/apps/gcc/9.2.0/bin/../lib/gcc/x86_64-pc-linux-gnu/9.2.0/crtend.o /lib/../lib64/crtn.o]
    arg [/u/apps/gcc/9.2.0/bin/../libexec/gcc/x86_64-pc-linux-gnu/9.2.0/collect2] ==> ignore
    arg [-plugin] ==> ignore
    arg [/u/apps/gcc/9.2.0/bin/../libexec/gcc/x86_64-pc-linux-gnu/9.2.0/liblto_plugin.so] ==> ignore
    arg [-plugin-opt=/u/apps/gcc/9.2.0/bin/../libexec/gcc/x86_64-pc-linux-gnu/9.2.0/lto-wrapper] ==> ignore
    arg [-plugin-opt=-fresolution=/tmp/cc85Ubh7.res] ==> ignore
    arg [-plugin-opt=-pass-through=-lgcc] ==> ignore
    arg [-plugin-opt=-pass-through=-lgcc_s] ==> ignore
    arg [-plugin-opt=-pass-through=-lc] ==> ignore
    arg [-plugin-opt=-pass-through=-lgcc] ==> ignore
    arg [-plugin-opt=-pass-through=-lgcc_s] ==> ignore
    arg [--eh-frame-hdr] ==> ignore
    arg [-m] ==> ignore
    arg [elf_x86_64] ==> ignore
    arg [-export-dynamic] ==> ignore
    arg [-dynamic-linker] ==> ignore
    arg [/lib64/ld-linux-x86-64.so.2] ==> ignore
    arg [-o] ==> ignore
    arg [cmTC_959b0] ==> ignore
    arg [/lib/../lib64/crt1.o] ==> ignore
    arg [/lib/../lib64/crti.o] ==> ignore
    arg [/u/apps/gcc/9.2.0/bin/../lib/gcc/x86_64-pc-linux-gnu/9.2.0/crtbegin.o] ==> ignore
    arg [-L/u/apps/gcc/9.2.0/bin/../lib/gcc/x86_64-pc-linux-gnu/9.2.0] ==> dir [/u/apps/gcc/9.2.0/bin/../lib/gcc/x86_64-pc-linux-gnu/9.2.0]
    arg [-L/u/apps/gcc/9.2.0/bin/../lib/gcc] ==> dir [/u/apps/gcc/9.2.0/bin/../lib/gcc]
    arg [-L/u/apps/gcc/9.2.0/bin/../lib/gcc/x86_64-pc-linux-gnu/9.2.0/../../../../lib64] ==> dir [/u/apps/gcc/9.2.0/bin/../lib/gcc/x86_64-pc-linux-gnu/9.2.0/../../../../lib64]
    arg [-L/lib/../lib64] ==> dir [/lib/../lib64]
    arg [-L/usr/lib/../lib64] ==> dir [/usr/lib/../lib64]
    arg [-L/u/apps/gcc/9.2.0/bin/../lib/gcc/x86_64-pc-linux-gnu/9.2.0/../../..] ==> dir [/u/apps/gcc/9.2.0/bin/../lib/gcc/x86_64-pc-linux-gnu/9.2.0/../../..]
    arg [CMakeFiles/cmTC_959b0.dir/CMakeCCompilerABI.c.o] ==> ignore
    arg [-lgcc] ==> lib [gcc]
    arg [--as-needed] ==> ignore
    arg [-lgcc_s] ==> lib [gcc_s]
    arg [--no-as-needed] ==> ignore
    arg [-lc] ==> lib [c]
    arg [-lgcc] ==> lib [gcc]
    arg [--as-needed] ==> ignore
    arg [-lgcc_s] ==> lib [gcc_s]
    arg [--no-as-needed] ==> ignore
    arg [/u/apps/gcc/9.2.0/bin/../lib/gcc/x86_64-pc-linux-gnu/9.2.0/crtend.o] ==> ignore
    arg [/lib/../lib64/crtn.o] ==> ignore
  collapse library dir [/u/apps/gcc/9.2.0/bin/../lib/gcc/x86_64-pc-linux-gnu/9.2.0] ==> [/u/apps/gcc/9.2.0/lib/gcc/x86_64-pc-linux-gnu/9.2.0]
  collapse library dir [/u/apps/gcc/9.2.0/bin/../lib/gcc] ==> [/u/apps/gcc/9.2.0/lib/gcc]
  collapse library dir [/u/apps/gcc/9.2.0/bin/../lib/gcc/x86_64-pc-linux-gnu/9.2.0/../../../../lib64] ==> [/u/apps/gcc/9.2.0/lib64]
  collapse library dir [/lib/../lib64] ==> [/lib64]
  collapse library dir [/usr/lib/../lib64] ==> [/usr/lib64]
  collapse library dir [/u/apps/gcc/9.2.0/bin/../lib/gcc/x86_64-pc-linux-gnu/9.2.0/../../..] ==> [/u/apps/gcc/9.2.0/lib]
  implicit libs: [gcc;gcc_s;c;gcc;gcc_s]
  implicit dirs: [/u/apps/gcc/9.2.0/lib/gcc/x86_64-pc-linux-gnu/9.2.0;/u/apps/gcc/9.2.0/lib/gcc;/u/apps/gcc/9.2.0/lib64;/lib64;/usr/lib64;/u/apps/gcc/9.2.0/lib]
  implicit fwks: []


Determining if the CXX compiler works passed with the following output:
Change Dir: /home/erins/work_erins/repos/rgm/NeutronEfficiency/build/CMakeFiles/CMakeTmp

Run Build Command(s):/usr/bin/gmake cmTC_0704a/fast && /usr/bin/gmake -f CMakeFiles/cmTC_0704a.dir/build.make CMakeFiles/cmTC_0704a.dir/build
gmake[1]: Entering directory `/w/hallb-scshelf2102/clas/clase2/erins/repos/rgm/NeutronEfficiency/build/CMakeFiles/CMakeTmp'
Building CXX object CMakeFiles/cmTC_0704a.dir/testCXXCompiler.cxx.o
/apps/gcc/9.2.0/bin/g++     -o CMakeFiles/cmTC_0704a.dir/testCXXCompiler.cxx.o -c /home/erins/work_erins/repos/rgm/NeutronEfficiency/build/CMakeFiles/CMakeTmp/testCXXCompiler.cxx
Linking CXX executable cmTC_0704a
/u/group/clas12/packages/cmake/3.15.2/bin/cmake -E cmake_link_script CMakeFiles/cmTC_0704a.dir/link.txt --verbose=1
/apps/gcc/9.2.0/bin/g++       -rdynamic CMakeFiles/cmTC_0704a.dir/testCXXCompiler.cxx.o  -o cmTC_0704a 
gmake[1]: Leaving directory `/w/hallb-scshelf2102/clas/clase2/erins/repos/rgm/NeutronEfficiency/build/CMakeFiles/CMakeTmp'



Detecting CXX compiler ABI info compiled with the following output:
Change Dir: /home/erins/work_erins/repos/rgm/NeutronEfficiency/build/CMakeFiles/CMakeTmp

Run Build Command(s):/usr/bin/gmake cmTC_c86f0/fast && /usr/bin/gmake -f CMakeFiles/cmTC_c86f0.dir/build.make CMakeFiles/cmTC_c86f0.dir/build
gmake[1]: Entering directory `/w/hallb-scshelf2102/clas/clase2/erins/repos/rgm/NeutronEfficiency/build/CMakeFiles/CMakeTmp'
Building CXX object CMakeFiles/cmTC_c86f0.dir/CMakeCXXCompilerABI.cpp.o
/apps/gcc/9.2.0/bin/g++    -v -o CMakeFiles/cmTC_c86f0.dir/CMakeCXXCompilerABI.cpp.o -c /group/clas12/packages/cmake/3.15.2/Modules/CMakeCXXCompilerABI.cpp
Using built-in specs.
COLLECT_GCC=/apps/gcc/9.2.0/bin/g++
Target: x86_64-pc-linux-gnu
Configured with: ../gcc-9.2.0/configure --prefix=/apps/gcc/9.2.0 --with-gmp=/apps/gmp --with-mpfr=/apps/mpfr --with-mpc=/apps/mpc --with-isl=/apps/isl/0.16 --enable-languages=c,c++,fortran
Thread model: posix
gcc version 9.2.0 (GCC) 
COLLECT_GCC_OPTIONS='-v' '-o' 'CMakeFiles/cmTC_c86f0.dir/CMakeCXXCompilerABI.cpp.o' '-c' '-shared-libgcc' '-mtune=generic' '-march=x86-64'
 /u/apps/gcc/9.2.0/bin/../libexec/gcc/x86_64-pc-linux-gnu/9.2.0/cc1plus -quiet -v -iprefix /u/apps/gcc/9.2.0/bin/../lib/gcc/x86_64-pc-linux-gnu/9.2.0/ -D_GNU_SOURCE /group/clas12/packages/cmake/3.15.2/Modules/CMakeCXXCompilerABI.cpp -quiet -dumpbase CMakeCXXCompilerABI.cpp -mtune=generic -march=x86-64 -auxbase-strip CMakeFiles/cmTC_c86f0.dir/CMakeCXXCompilerABI.cpp.o -version -o /tmp/cc0ru3Oq.s
GNU C++14 (GCC) version 9.2.0 (x86_64-pc-linux-gnu)
	compiled by GNU C version 9.2.0, GMP version 4.3.2, MPFR version 2.4.2, MPC version 0.8.1, isl version isl-0.16.1-GMP

GGC heuristics: --param ggc-min-expand=100 --param ggc-min-heapsize=131072
ignoring nonexistent directory "/u/apps/gcc/9.2.0/bin/../lib/gcc/x86_64-pc-linux-gnu/9.2.0/../../../../x86_64-pc-linux-gnu/include"
ignoring duplicate directory "/u/apps/gcc/9.2.0/bin/../lib/gcc/../../lib/gcc/x86_64-pc-linux-gnu/9.2.0/../../../../include/c++/9.2.0"
ignoring duplicate directory "/u/apps/gcc/9.2.0/bin/../lib/gcc/../../lib/gcc/x86_64-pc-linux-gnu/9.2.0/../../../../include/c++/9.2.0/x86_64-pc-linux-gnu"
ignoring duplicate directory "/u/apps/gcc/9.2.0/bin/../lib/gcc/../../lib/gcc/x86_64-pc-linux-gnu/9.2.0/../../../../include/c++/9.2.0/backward"
ignoring duplicate directory "/u/apps/gcc/9.2.0/bin/../lib/gcc/../../lib/gcc/x86_64-pc-linux-gnu/9.2.0/include"
ignoring duplicate directory "/u/apps/gcc/9.2.0/bin/../lib/gcc/../../lib/gcc/x86_64-pc-linux-gnu/9.2.0/include-fixed"
ignoring nonexistent directory "/u/apps/gcc/9.2.0/bin/../lib/gcc/../../lib/gcc/x86_64-pc-linux-gnu/9.2.0/../../../../x86_64-pc-linux-gnu/include"
#include "..." search starts here:
#include <...> search starts here:
 /u/apps/gcc/9.2.0/bin/../lib/gcc/x86_64-pc-linux-gnu/9.2.0/../../../../include/c++/9.2.0
 /u/apps/gcc/9.2.0/bin/../lib/gcc/x86_64-pc-linux-gnu/9.2.0/../../../../include/c++/9.2.0/x86_64-pc-linux-gnu
 /u/apps/gcc/9.2.0/bin/../lib/gcc/x86_64-pc-linux-gnu/9.2.0/../../../../include/c++/9.2.0/backward
 /u/apps/gcc/9.2.0/bin/../lib/gcc/x86_64-pc-linux-gnu/9.2.0/include
 /u/apps/gcc/9.2.0/bin/../lib/gcc/x86_64-pc-linux-gnu/9.2.0/include-fixed
 /usr/local/include
 /u/apps/gcc/9.2.0/bin/../lib/gcc/../../include
 /usr/include
End of search list.
GNU C++14 (GCC) version 9.2.0 (x86_64-pc-linux-gnu)
	compiled by GNU C version 9.2.0, GMP version 4.3.2, MPFR version 2.4.2, MPC version 0.8.1, isl version isl-0.16.1-GMP

GGC heuristics: --param ggc-min-expand=100 --param ggc-min-heapsize=131072
Compiler executable checksum: 0f52fce72fd3b0620fa598b4cb30be62
COLLECT_GCC_OPTIONS='-v' '-o' 'CMakeFiles/cmTC_c86f0.dir/CMakeCXXCompilerABI.cpp.o' '-c' '-shared-libgcc' '-mtune=generic' '-march=x86-64'
 as -v --64 -o CMakeFiles/cmTC_c86f0.dir/CMakeCXXCompilerABI.cpp.o /tmp/cc0ru3Oq.s
GNU assembler version 2.27 (x86_64-redhat-linux) using BFD version version 2.27-44.base.el7_9.1
COMPILER_PATH=/u/apps/gcc/9.2.0/bin/../libexec/gcc/x86_64-pc-linux-gnu/9.2.0/:/u/apps/gcc/9.2.0/bin/../libexec/gcc/
LIBRARY_PATH=/u/apps/gcc/9.2.0/bin/../lib/gcc/x86_64-pc-linux-gnu/9.2.0/:/u/apps/gcc/9.2.0/bin/../lib/gcc/:/u/apps/gcc/9.2.0/bin/../lib/gcc/x86_64-pc-linux-gnu/9.2.0/../../../../lib64/:/lib/../lib64/:/usr/lib/../lib64/:/u/apps/gcc/9.2.0/bin/../lib/gcc/x86_64-pc-linux-gnu/9.2.0/../../../:/lib/:/usr/lib/
COLLECT_GCC_OPTIONS='-v' '-o' 'CMakeFiles/cmTC_c86f0.dir/CMakeCXXCompilerABI.cpp.o' '-c' '-shared-libgcc' '-mtune=generic' '-march=x86-64'
Linking CXX executable cmTC_c86f0
/u/group/clas12/packages/cmake/3.15.2/bin/cmake -E cmake_link_script CMakeFiles/cmTC_c86f0.dir/link.txt --verbose=1
/apps/gcc/9.2.0/bin/g++      -v -rdynamic CMakeFiles/cmTC_c86f0.dir/CMakeCXXCompilerABI.cpp.o  -o cmTC_c86f0 
Using built-in specs.
COLLECT_GCC=/apps/gcc/9.2.0/bin/g++
COLLECT_LTO_WRAPPER=/u/apps/gcc/9.2.0/bin/../libexec/gcc/x86_64-pc-linux-gnu/9.2.0/lto-wrapper
Target: x86_64-pc-linux-gnu
Configured with: ../gcc-9.2.0/configure --prefix=/apps/gcc/9.2.0 --with-gmp=/apps/gmp --with-mpfr=/apps/mpfr --with-mpc=/apps/mpc --with-isl=/apps/isl/0.16 --enable-languages=c,c++,fortran
Thread model: posix
gcc version 9.2.0 (GCC) 
COMPILER_PATH=/u/apps/gcc/9.2.0/bin/../libexec/gcc/x86_64-pc-linux-gnu/9.2.0/:/u/apps/gcc/9.2.0/bin/../libexec/gcc/
LIBRARY_PATH=/u/apps/gcc/9.2.0/bin/../lib/gcc/x86_64-pc-linux-gnu/9.2.0/:/u/apps/gcc/9.2.0/bin/../lib/gcc/:/u/apps/gcc/9.2.0/bin/../lib/gcc/x86_64-pc-linux-gnu/9.2.0/../../../../lib64/:/lib/../lib64/:/usr/lib/../lib64/:/u/apps/gcc/9.2.0/bin/../lib/gcc/x86_64-pc-linux-gnu/9.2.0/../../../:/lib/:/usr/lib/
COLLECT_GCC_OPTIONS='-v' '-rdynamic' '-o' 'cmTC_c86f0' '-shared-libgcc' '-mtune=generic' '-march=x86-64'
 /u/apps/gcc/9.2.0/bin/../libexec/gcc/x86_64-pc-linux-gnu/9.2.0/collect2 -plugin /u/apps/gcc/9.2.0/bin/../libexec/gcc/x86_64-pc-linux-gnu/9.2.0/liblto_plugin.so -plugin-opt=/u/apps/gcc/9.2.0/bin/../libexec/gcc/x86_64-pc-linux-gnu/9.2.0/lto-wrapper -plugin-opt=-fresolution=/tmp/cc5tdzTy.res -plugin-opt=-pass-through=-lgcc_s -plugin-opt=-pass-through=-lgcc -plugin-opt=-pass-through=-lc -plugin-opt=-pass-through=-lgcc_s -plugin-opt=-pass-through=-lgcc --eh-frame-hdr -m elf_x86_64 -export-dynamic -dynamic-linker /lib64/ld-linux-x86-64.so.2 -o cmTC_c86f0 /lib/../lib64/crt1.o /lib/../lib64/crti.o /u/apps/gcc/9.2.0/bin/../lib/gcc/x86_64-pc-linux-gnu/9.2.0/crtbegin.o -L/u/apps/gcc/9.2.0/bin/../lib/gcc/x86_64-pc-linux-gnu/9.2.0 -L/u/apps/gcc/9.2.0/bin/../lib/gcc -L/u/apps/gcc/9.2.0/bin/../lib/gcc/x86_64-pc-linux-gnu/9.2.0/../../../../lib64 -L/lib/../lib64 -L/usr/lib/../lib64 -L/u/apps/gcc/9.2.0/bin/../lib/gcc/x86_64-pc-linux-gnu/9.2.0/../../.. CMakeFiles/cmTC_c86f0.dir/CMakeCXXCompilerABI.cpp.o -lstdc++ -lm -lgcc_s -lgcc -lc -lgcc_s -lgcc /u/apps/gcc/9.2.0/bin/../lib/gcc/x86_64-pc-linux-gnu/9.2.0/crtend.o /lib/../lib64/crtn.o
COLLECT_GCC_OPTIONS='-v' '-rdynamic' '-o' 'cmTC_c86f0' '-shared-libgcc' '-mtune=generic' '-march=x86-64'
gmake[1]: Leaving directory `/w/hallb-scshelf2102/clas/clase2/erins/repos/rgm/NeutronEfficiency/build/CMakeFiles/CMakeTmp'



Parsed CXX implicit include dir info from above output: rv=done
  found start of include info
  found start of implicit include info
    add: [/u/apps/gcc/9.2.0/bin/../lib/gcc/x86_64-pc-linux-gnu/9.2.0/../../../../include/c++/9.2.0]
    add: [/u/apps/gcc/9.2.0/bin/../lib/gcc/x86_64-pc-linux-gnu/9.2.0/../../../../include/c++/9.2.0/x86_64-pc-linux-gnu]
    add: [/u/apps/gcc/9.2.0/bin/../lib/gcc/x86_64-pc-linux-gnu/9.2.0/../../../../include/c++/9.2.0/backward]
    add: [/u/apps/gcc/9.2.0/bin/../lib/gcc/x86_64-pc-linux-gnu/9.2.0/include]
    add: [/u/apps/gcc/9.2.0/bin/../lib/gcc/x86_64-pc-linux-gnu/9.2.0/include-fixed]
    add: [/usr/local/include]
    add: [/u/apps/gcc/9.2.0/bin/../lib/gcc/../../include]
    add: [/usr/include]
  end of search list found
  collapse include dir [/u/apps/gcc/9.2.0/bin/../lib/gcc/x86_64-pc-linux-gnu/9.2.0/../../../../include/c++/9.2.0] ==> [/u/apps/gcc/9.2.0/include/c++/9.2.0]
  collapse include dir [/u/apps/gcc/9.2.0/bin/../lib/gcc/x86_64-pc-linux-gnu/9.2.0/../../../../include/c++/9.2.0/x86_64-pc-linux-gnu] ==> [/u/apps/gcc/9.2.0/include/c++/9.2.0/x86_64-pc-linux-gnu]
  collapse include dir [/u/apps/gcc/9.2.0/bin/../lib/gcc/x86_64-pc-linux-gnu/9.2.0/../../../../include/c++/9.2.0/backward] ==> [/u/apps/gcc/9.2.0/include/c++/9.2.0/backward]
  collapse include dir [/u/apps/gcc/9.2.0/bin/../lib/gcc/x86_64-pc-linux-gnu/9.2.0/include] ==> [/u/apps/gcc/9.2.0/lib/gcc/x86_64-pc-linux-gnu/9.2.0/include]
  collapse include dir [/u/apps/gcc/9.2.0/bin/../lib/gcc/x86_64-pc-linux-gnu/9.2.0/include-fixed] ==> [/u/apps/gcc/9.2.0/lib/gcc/x86_64-pc-linux-gnu/9.2.0/include-fixed]
  collapse include dir [/usr/local/include] ==> [/usr/local/include]
  collapse include dir [/u/apps/gcc/9.2.0/bin/../lib/gcc/../../include] ==> [/u/apps/gcc/9.2.0/include]
  collapse include dir [/usr/include] ==> [/usr/include]
  implicit include dirs: [/u/apps/gcc/9.2.0/include/c++/9.2.0;/u/apps/gcc/9.2.0/include/c++/9.2.0/x86_64-pc-linux-gnu;/u/apps/gcc/9.2.0/include/c++/9.2.0/backward;/u/apps/gcc/9.2.0/lib/gcc/x86_64-pc-linux-gnu/9.2.0/include;/u/apps/gcc/9.2.0/lib/gcc/x86_64-pc-linux-gnu/9.2.0/include-fixed;/usr/local/include;/u/apps/gcc/9.2.0/include;/usr/include]


Parsed CXX implicit link information from above output:
  link line regex: [^( *|.*[/\])(ld|CMAKE_LINK_STARTFILE-NOTFOUND|([^/\]+-)?ld|collect2)[^/\]*( |$)]
  ignore line: [Change Dir: /home/erins/work_erins/repos/rgm/NeutronEfficiency/build/CMakeFiles/CMakeTmp]
  ignore line: []
  ignore line: [Run Build Command(s):/usr/bin/gmake cmTC_c86f0/fast && /usr/bin/gmake -f CMakeFiles/cmTC_c86f0.dir/build.make CMakeFiles/cmTC_c86f0.dir/build]
  ignore line: [gmake[1]: Entering directory `/w/hallb-scshelf2102/clas/clase2/erins/repos/rgm/NeutronEfficiency/build/CMakeFiles/CMakeTmp']
  ignore line: [Building CXX object CMakeFiles/cmTC_c86f0.dir/CMakeCXXCompilerABI.cpp.o]
  ignore line: [/apps/gcc/9.2.0/bin/g++    -v -o CMakeFiles/cmTC_c86f0.dir/CMakeCXXCompilerABI.cpp.o -c /group/clas12/packages/cmake/3.15.2/Modules/CMakeCXXCompilerABI.cpp]
  ignore line: [Using built-in specs.]
  ignore line: [COLLECT_GCC=/apps/gcc/9.2.0/bin/g++]
  ignore line: [Target: x86_64-pc-linux-gnu]
  ignore line: [Configured with: ../gcc-9.2.0/configure --prefix=/apps/gcc/9.2.0 --with-gmp=/apps/gmp --with-mpfr=/apps/mpfr --with-mpc=/apps/mpc --with-isl=/apps/isl/0.16 --enable-languages=c,c++,fortran]
  ignore line: [Thread model: posix]
  ignore line: [gcc version 9.2.0 (GCC) ]
  ignore line: [COLLECT_GCC_OPTIONS='-v' '-o' 'CMakeFiles/cmTC_c86f0.dir/CMakeCXXCompilerABI.cpp.o' '-c' '-shared-libgcc' '-mtune=generic' '-march=x86-64']
  ignore line: [ /u/apps/gcc/9.2.0/bin/../libexec/gcc/x86_64-pc-linux-gnu/9.2.0/cc1plus -quiet -v -iprefix /u/apps/gcc/9.2.0/bin/../lib/gcc/x86_64-pc-linux-gnu/9.2.0/ -D_GNU_SOURCE /group/clas12/packages/cmake/3.15.2/Modules/CMakeCXXCompilerABI.cpp -quiet -dumpbase CMakeCXXCompilerABI.cpp -mtune=generic -march=x86-64 -auxbase-strip CMakeFiles/cmTC_c86f0.dir/CMakeCXXCompilerABI.cpp.o -version -o /tmp/cc0ru3Oq.s]
  ignore line: [GNU C++14 (GCC) version 9.2.0 (x86_64-pc-linux-gnu)]
  ignore line: [	compiled by GNU C version 9.2.0, GMP version 4.3.2, MPFR version 2.4.2, MPC version 0.8.1, isl version isl-0.16.1-GMP]
  ignore line: []
  ignore line: [GGC heuristics: --param ggc-min-expand=100 --param ggc-min-heapsize=131072]
  ignore line: [ignoring nonexistent directory "/u/apps/gcc/9.2.0/bin/../lib/gcc/x86_64-pc-linux-gnu/9.2.0/../../../../x86_64-pc-linux-gnu/include"]
  ignore line: [ignoring duplicate directory "/u/apps/gcc/9.2.0/bin/../lib/gcc/../../lib/gcc/x86_64-pc-linux-gnu/9.2.0/../../../../include/c++/9.2.0"]
  ignore line: [ignoring duplicate directory "/u/apps/gcc/9.2.0/bin/../lib/gcc/../../lib/gcc/x86_64-pc-linux-gnu/9.2.0/../../../../include/c++/9.2.0/x86_64-pc-linux-gnu"]
  ignore line: [ignoring duplicate directory "/u/apps/gcc/9.2.0/bin/../lib/gcc/../../lib/gcc/x86_64-pc-linux-gnu/9.2.0/../../../../include/c++/9.2.0/backward"]
  ignore line: [ignoring duplicate directory "/u/apps/gcc/9.2.0/bin/../lib/gcc/../../lib/gcc/x86_64-pc-linux-gnu/9.2.0/include"]
  ignore line: [ignoring duplicate directory "/u/apps/gcc/9.2.0/bin/../lib/gcc/../../lib/gcc/x86_64-pc-linux-gnu/9.2.0/include-fixed"]
  ignore line: [ignoring nonexistent directory "/u/apps/gcc/9.2.0/bin/../lib/gcc/../../lib/gcc/x86_64-pc-linux-gnu/9.2.0/../../../../x86_64-pc-linux-gnu/include"]
  ignore line: [#include "..." search starts here:]
  ignore line: [#include <...> search starts here:]
  ignore line: [ /u/apps/gcc/9.2.0/bin/../lib/gcc/x86_64-pc-linux-gnu/9.2.0/../../../../include/c++/9.2.0]
  ignore line: [ /u/apps/gcc/9.2.0/bin/../lib/gcc/x86_64-pc-linux-gnu/9.2.0/../../../../include/c++/9.2.0/x86_64-pc-linux-gnu]
  ignore line: [ /u/apps/gcc/9.2.0/bin/../lib/gcc/x86_64-pc-linux-gnu/9.2.0/../../../../include/c++/9.2.0/backward]
  ignore line: [ /u/apps/gcc/9.2.0/bin/../lib/gcc/x86_64-pc-linux-gnu/9.2.0/include]
  ignore line: [ /u/apps/gcc/9.2.0/bin/../lib/gcc/x86_64-pc-linux-gnu/9.2.0/include-fixed]
  ignore line: [ /usr/local/include]
  ignore line: [ /u/apps/gcc/9.2.0/bin/../lib/gcc/../../include]
  ignore line: [ /usr/include]
  ignore line: [End of search list.]
  ignore line: [GNU C++14 (GCC) version 9.2.0 (x86_64-pc-linux-gnu)]
  ignore line: [	compiled by GNU C version 9.2.0, GMP version 4.3.2, MPFR version 2.4.2, MPC version 0.8.1, isl version isl-0.16.1-GMP]
  ignore line: []
  ignore line: [GGC heuristics: --param ggc-min-expand=100 --param ggc-min-heapsize=131072]
  ignore line: [Compiler executable checksum: 0f52fce72fd3b0620fa598b4cb30be62]
  ignore line: [COLLECT_GCC_OPTIONS='-v' '-o' 'CMakeFiles/cmTC_c86f0.dir/CMakeCXXCompilerABI.cpp.o' '-c' '-shared-libgcc' '-mtune=generic' '-march=x86-64']
  ignore line: [ as -v --64 -o CMakeFiles/cmTC_c86f0.dir/CMakeCXXCompilerABI.cpp.o /tmp/cc0ru3Oq.s]
  ignore line: [GNU assembler version 2.27 (x86_64-redhat-linux) using BFD version version 2.27-44.base.el7_9.1]
  ignore line: [COMPILER_PATH=/u/apps/gcc/9.2.0/bin/../libexec/gcc/x86_64-pc-linux-gnu/9.2.0/:/u/apps/gcc/9.2.0/bin/../libexec/gcc/]
  ignore line: [LIBRARY_PATH=/u/apps/gcc/9.2.0/bin/../lib/gcc/x86_64-pc-linux-gnu/9.2.0/:/u/apps/gcc/9.2.0/bin/../lib/gcc/:/u/apps/gcc/9.2.0/bin/../lib/gcc/x86_64-pc-linux-gnu/9.2.0/../../../../lib64/:/lib/../lib64/:/usr/lib/../lib64/:/u/apps/gcc/9.2.0/bin/../lib/gcc/x86_64-pc-linux-gnu/9.2.0/../../../:/lib/:/usr/lib/]
  ignore line: [COLLECT_GCC_OPTIONS='-v' '-o' 'CMakeFiles/cmTC_c86f0.dir/CMakeCXXCompilerABI.cpp.o' '-c' '-shared-libgcc' '-mtune=generic' '-march=x86-64']
  ignore line: [Linking CXX executable cmTC_c86f0]
  ignore line: [/u/group/clas12/packages/cmake/3.15.2/bin/cmake -E cmake_link_script CMakeFiles/cmTC_c86f0.dir/link.txt --verbose=1]
  ignore line: [/apps/gcc/9.2.0/bin/g++      -v -rdynamic CMakeFiles/cmTC_c86f0.dir/CMakeCXXCompilerABI.cpp.o  -o cmTC_c86f0 ]
  ignore line: [Using built-in specs.]
  ignore line: [COLLECT_GCC=/apps/gcc/9.2.0/bin/g++]
  ignore line: [COLLECT_LTO_WRAPPER=/u/apps/gcc/9.2.0/bin/../libexec/gcc/x86_64-pc-linux-gnu/9.2.0/lto-wrapper]
  ignore line: [Target: x86_64-pc-linux-gnu]
  ignore line: [Configured with: ../gcc-9.2.0/configure --prefix=/apps/gcc/9.2.0 --with-gmp=/apps/gmp --with-mpfr=/apps/mpfr --with-mpc=/apps/mpc --with-isl=/apps/isl/0.16 --enable-languages=c,c++,fortran]
  ignore line: [Thread model: posix]
  ignore line: [gcc version 9.2.0 (GCC) ]
  ignore line: [COMPILER_PATH=/u/apps/gcc/9.2.0/bin/../libexec/gcc/x86_64-pc-linux-gnu/9.2.0/:/u/apps/gcc/9.2.0/bin/../libexec/gcc/]
  ignore line: [LIBRARY_PATH=/u/apps/gcc/9.2.0/bin/../lib/gcc/x86_64-pc-linux-gnu/9.2.0/:/u/apps/gcc/9.2.0/bin/../lib/gcc/:/u/apps/gcc/9.2.0/bin/../lib/gcc/x86_64-pc-linux-gnu/9.2.0/../../../../lib64/:/lib/../lib64/:/usr/lib/../lib64/:/u/apps/gcc/9.2.0/bin/../lib/gcc/x86_64-pc-linux-gnu/9.2.0/../../../:/lib/:/usr/lib/]
  ignore line: [COLLECT_GCC_OPTIONS='-v' '-rdynamic' '-o' 'cmTC_c86f0' '-shared-libgcc' '-mtune=generic' '-march=x86-64']
  link line: [ /u/apps/gcc/9.2.0/bin/../libexec/gcc/x86_64-pc-linux-gnu/9.2.0/collect2 -plugin /u/apps/gcc/9.2.0/bin/../libexec/gcc/x86_64-pc-linux-gnu/9.2.0/liblto_plugin.so -plugin-opt=/u/apps/gcc/9.2.0/bin/../libexec/gcc/x86_64-pc-linux-gnu/9.2.0/lto-wrapper -plugin-opt=-fresolution=/tmp/cc5tdzTy.res -plugin-opt=-pass-through=-lgcc_s -plugin-opt=-pass-through=-lgcc -plugin-opt=-pass-through=-lc -plugin-opt=-pass-through=-lgcc_s -plugin-opt=-pass-through=-lgcc --eh-frame-hdr -m elf_x86_64 -export-dynamic -dynamic-linker /lib64/ld-linux-x86-64.so.2 -o cmTC_c86f0 /lib/../lib64/crt1.o /lib/../lib64/crti.o /u/apps/gcc/9.2.0/bin/../lib/gcc/x86_64-pc-linux-gnu/9.2.0/crtbegin.o -L/u/apps/gcc/9.2.0/bin/../lib/gcc/x86_64-pc-linux-gnu/9.2.0 -L/u/apps/gcc/9.2.0/bin/../lib/gcc -L/u/apps/gcc/9.2.0/bin/../lib/gcc/x86_64-pc-linux-gnu/9.2.0/../../../../lib64 -L/lib/../lib64 -L/usr/lib/../lib64 -L/u/apps/gcc/9.2.0/bin/../lib/gcc/x86_64-pc-linux-gnu/9.2.0/../../.. CMakeFiles/cmTC_c86f0.dir/CMakeCXXCompilerABI.cpp.o -lstdc++ -lm -lgcc_s -lgcc -lc -lgcc_s -lgcc /u/apps/gcc/9.2.0/bin/../lib/gcc/x86_64-pc-linux-gnu/9.2.0/crtend.o /lib/../lib64/crtn.o]
    arg [/u/apps/gcc/9.2.0/bin/../libexec/gcc/x86_64-pc-linux-gnu/9.2.0/collect2] ==> ignore
    arg [-plugin] ==> ignore
    arg [/u/apps/gcc/9.2.0/bin/../libexec/gcc/x86_64-pc-linux-gnu/9.2.0/liblto_plugin.so] ==> ignore
    arg [-plugin-opt=/u/apps/gcc/9.2.0/bin/../libexec/gcc/x86_64-pc-linux-gnu/9.2.0/lto-wrapper] ==> ignore
    arg [-plugin-opt=-fresolution=/tmp/cc5tdzTy.res] ==> ignore
    arg [-plugin-opt=-pass-through=-lgcc_s] ==> ignore
    arg [-plugin-opt=-pass-through=-lgcc] ==> ignore
    arg [-plugin-opt=-pass-through=-lc] ==> ignore
    arg [-plugin-opt=-pass-through=-lgcc_s] ==> ignore
    arg [-plugin-opt=-pass-through=-lgcc] ==> ignore
    arg [--eh-frame-hdr] ==> ignore
    arg [-m] ==> ignore
    arg [elf_x86_64] ==> ignore
    arg [-export-dynamic] ==> ignore
    arg [-dynamic-linker] ==> ignore
    arg [/lib64/ld-linux-x86-64.so.2] ==> ignore
    arg [-o] ==> ignore
    arg [cmTC_c86f0] ==> ignore
    arg [/lib/../lib64/crt1.o] ==> ignore
    arg [/lib/../lib64/crti.o] ==> ignore
    arg [/u/apps/gcc/9.2.0/bin/../lib/gcc/x86_64-pc-linux-gnu/9.2.0/crtbegin.o] ==> ignore
    arg [-L/u/apps/gcc/9.2.0/bin/../lib/gcc/x86_64-pc-linux-gnu/9.2.0] ==> dir [/u/apps/gcc/9.2.0/bin/../lib/gcc/x86_64-pc-linux-gnu/9.2.0]
    arg [-L/u/apps/gcc/9.2.0/bin/../lib/gcc] ==> dir [/u/apps/gcc/9.2.0/bin/../lib/gcc]
    arg [-L/u/apps/gcc/9.2.0/bin/../lib/gcc/x86_64-pc-linux-gnu/9.2.0/../../../../lib64] ==> dir [/u/apps/gcc/9.2.0/bin/../lib/gcc/x86_64-pc-linux-gnu/9.2.0/../../../../lib64]
    arg [-L/lib/../lib64] ==> dir [/lib/../lib64]
    arg [-L/usr/lib/../lib64] ==> dir [/usr/lib/../lib64]
    arg [-L/u/apps/gcc/9.2.0/bin/../lib/gcc/x86_64-pc-linux-gnu/9.2.0/../../..] ==> dir [/u/apps/gcc/9.2.0/bin/../lib/gcc/x86_64-pc-linux-gnu/9.2.0/../../..]
    arg [CMakeFiles/cmTC_c86f0.dir/CMakeCXXCompilerABI.cpp.o] ==> ignore
    arg [-lstdc++] ==> lib [stdc++]
    arg [-lm] ==> lib [m]
    arg [-lgcc_s] ==> lib [gcc_s]
    arg [-lgcc] ==> lib [gcc]
    arg [-lc] ==> lib [c]
    arg [-lgcc_s] ==> lib [gcc_s]
    arg [-lgcc] ==> lib [gcc]
    arg [/u/apps/gcc/9.2.0/bin/../lib/gcc/x86_64-pc-linux-gnu/9.2.0/crtend.o] ==> ignore
    arg [/lib/../lib64/crtn.o] ==> ignore
  collapse library dir [/u/apps/gcc/9.2.0/bin/../lib/gcc/x86_64-pc-linux-gnu/9.2.0] ==> [/u/apps/gcc/9.2.0/lib/gcc/x86_64-pc-linux-gnu/9.2.0]
  collapse library dir [/u/apps/gcc/9.2.0/bin/../lib/gcc] ==> [/u/apps/gcc/9.2.0/lib/gcc]
  collapse library dir [/u/apps/gcc/9.2.0/bin/../lib/gcc/x86_64-pc-linux-gnu/9.2.0/../../../../lib64] ==> [/u/apps/gcc/9.2.0/lib64]
  collapse library dir [/lib/../lib64] ==> [/lib64]
  collapse library dir [/usr/lib/../lib64] ==> [/usr/lib64]
  collapse library dir [/u/apps/gcc/9.2.0/bin/../lib/gcc/x86_64-pc-linux-gnu/9.2.0/../../..] ==> [/u/apps/gcc/9.2.0/lib]
  implicit libs: [stdc++;m;gcc_s;gcc;c;gcc_s;gcc]
  implicit dirs: [/u/apps/gcc/9.2.0/lib/gcc/x86_64-pc-linux-gnu/9.2.0;/u/apps/gcc/9.2.0/lib/gcc;/u/apps/gcc/9.2.0/lib64;/lib64;/usr/lib64;/u/apps/gcc/9.2.0/lib]
  implicit fwks: []


